2020-12-29 09:53:38,344 INFO o.a.j.u.JMeterUtils: Setting Locale to en_EN
2020-12-29 09:53:38,417 INFO o.a.j.JMeter: Loading user properties from: /usr/local/Cellar/jmeter/5.0/libexec/bin/user.properties
2020-12-29 09:53:38,422 INFO o.a.j.JMeter: Loading system properties from: /usr/local/Cellar/jmeter/5.0/libexec/bin/system.properties
2020-12-29 09:53:38,438 INFO o.a.j.JMeter: Copyright (c) 1998-2018 The Apache Software Foundation
2020-12-29 09:53:38,439 INFO o.a.j.JMeter: Version 5.0 r1840935
2020-12-29 09:53:38,439 INFO o.a.j.JMeter: java.version=1.8.0_172
2020-12-29 09:53:38,439 INFO o.a.j.JMeter: java.vm.name=Java HotSpot(TM) 64-Bit Server VM
2020-12-29 09:53:38,439 INFO o.a.j.JMeter: os.name=Mac OS X
2020-12-29 09:53:38,439 INFO o.a.j.JMeter: os.arch=x86_64
2020-12-29 09:53:38,439 INFO o.a.j.JMeter: os.version=10.14.6
2020-12-29 09:53:38,439 INFO o.a.j.JMeter: file.encoding=UTF-8
2020-12-29 09:53:38,439 INFO o.a.j.JMeter: Max memory     =1073741824
2020-12-29 09:53:38,440 INFO o.a.j.JMeter: Available Processors =4
2020-12-29 09:53:38,450 INFO o.a.j.JMeter: Default Locale=English (EN)
2020-12-29 09:53:38,456 INFO o.a.j.JMeter: JMeter  Locale=English (EN)
2020-12-29 09:53:38,456 INFO o.a.j.JMeter: JMeterHome=/usr/local/Cellar/jmeter/5.0/libexec
2020-12-29 09:53:38,456 INFO o.a.j.JMeter: user.dir  =/Users/ganesh/ganesh/git repo/GeneralReferenceCode/websocket-springboot/src/main/resources/lambda-client
2020-12-29 09:53:38,462 INFO o.a.j.JMeter: PWD       =/Users/ganesh/ganesh/git repo/GeneralReferenceCode/websocket-springboot/src/main/resources/lambda-client
2020-12-29 09:53:38,524 INFO o.a.j.JMeter: IP: 192.168.159.232 Name: 197BLRMB4000182.local FullName: 192.168.159.232
2020-12-29 09:53:43,931 INFO o.a.j.g.a.LookAndFeelCommand: Installing Darcula LAF
2020-12-29 09:53:43,975 INFO o.a.j.g.a.LookAndFeelCommand: Using look and feel: com.bulenkov.darcula.DarculaLaf [Darcula]
2020-12-29 09:53:43,975 INFO o.a.j.JMeter: Setting LAF to: com.bulenkov.darcula.DarculaLaf
2020-12-29 09:53:44,219 INFO o.a.j.JMeter: Loaded icon properties from org/apache/jmeter/images/icon.properties
2020-12-29 09:53:46,127 INFO o.a.j.e.u.CompoundVariable: Note: Function class names must contain the string: '.functions.'
2020-12-29 09:53:46,127 INFO o.a.j.e.u.CompoundVariable: Note: Function class names must not contain the string: '.gui.'
2020-12-29 09:53:51,438 INFO o.a.j.p.h.s.HTTPSamplerBase: Parser for text/html is org.apache.jmeter.protocol.http.parser.LagartoBasedHtmlParser
2020-12-29 09:53:51,443 INFO o.a.j.p.h.s.HTTPSamplerBase: Parser for application/xhtml+xml is org.apache.jmeter.protocol.http.parser.LagartoBasedHtmlParser
2020-12-29 09:53:51,443 INFO o.a.j.p.h.s.HTTPSamplerBase: Parser for application/xml is org.apache.jmeter.protocol.http.parser.LagartoBasedHtmlParser
2020-12-29 09:53:51,444 INFO o.a.j.p.h.s.HTTPSamplerBase: Parser for text/xml is org.apache.jmeter.protocol.http.parser.LagartoBasedHtmlParser
2020-12-29 09:53:51,444 INFO o.a.j.p.h.s.HTTPSamplerBase: Parser for text/vnd.wap.wml is org.apache.jmeter.protocol.http.parser.RegexpHTMLParser
2020-12-29 09:53:51,445 INFO o.a.j.p.h.s.HTTPSamplerBase: Parser for text/css is org.apache.jmeter.protocol.http.parser.CssParser
2020-12-29 09:53:52,691 INFO o.a.j.e.KeyToolUtils: keytool found at 'keytool'
2020-12-29 09:53:52,692 INFO o.a.j.p.h.p.ProxyControl: HTTP(S) Test Script Recorder SSL Proxy will use keys that support embedded 3rd party resources in file /usr/local/Cellar/jmeter/5.0/libexec/bin/proxyserver.jks
2020-12-29 09:53:53,128 INFO o.a.j.s.FileServer: Default base='/Users/ganesh/ganesh/git repo/GeneralReferenceCode/websocket-springboot/src/main/resources/lambda-client'
2020-12-29 09:53:54,198 INFO o.a.j.s.SampleResult: Note: Sample TimeStamps are START times
2020-12-29 09:53:54,202 INFO o.a.j.s.SampleResult: sampleresult.default.encoding is set to ISO-8859-1
2020-12-29 09:53:54,203 INFO o.a.j.s.SampleResult: sampleresult.useNanoTime=true
2020-12-29 09:53:54,203 INFO o.a.j.s.SampleResult: sampleresult.nanoThreadSleep=5000
